Analysis & Synthesis report for VendingMachine
Mon Nov 05 17:01:01 2018
Quartus Prime Version 18.0.0 Build 614 04/24/2018 SJ Lite Edition


---------------------
; Table of Contents ;
---------------------
  1. Legal Notice
  2. Analysis & Synthesis Summary
  3. Analysis & Synthesis Settings
  4. Parallel Compilation
  5. Analysis & Synthesis Source Files Read
  6. Analysis & Synthesis Resource Usage Summary
  7. Analysis & Synthesis Resource Utilization by Entity
  8. User-Specified and Inferred Latches
  9. Registers Removed During Synthesis
 10. General Register Statistics
 11. Multiplexer Restructuring Statistics (Restructuring Performed)
 12. Post-Synthesis Netlist Statistics for Top Partition
 13. Elapsed Time Per Partition
 14. Analysis & Synthesis Messages



----------------
; Legal Notice ;
----------------
Copyright (C) 2018  Intel Corporation. All rights reserved.
Your use of Intel Corporation's design tools, logic functions 
and other software and tools, and its AMPP partner logic 
functions, and any output files from any of the foregoing 
(including device programming or simulation files), and any 
associated documentation or information are expressly subject 
to the terms and conditions of the Intel Program License 
Subscription Agreement, the Intel Quartus Prime License Agreement,
the Intel FPGA IP License Agreement, or other applicable license
agreement, including, without limitation, that your use is for
the sole purpose of programming logic devices manufactured by
Intel and sold by Intel or its authorized distributors.  Please
refer to the applicable agreement for further details.



+----------------------------------------------------------------------------------+
; Analysis & Synthesis Summary                                                     ;
+------------------------------------+---------------------------------------------+
; Analysis & Synthesis Status        ; Successful - Mon Nov 05 17:01:00 2018       ;
; Quartus Prime Version              ; 18.0.0 Build 614 04/24/2018 SJ Lite Edition ;
; Revision Name                      ; VendingMachine                              ;
; Top-level Entity Name              ; VendingMachine                              ;
; Family                             ; MAX 10                                      ;
; Total logic elements               ; 228                                         ;
;     Total combinational functions  ; 228                                         ;
;     Dedicated logic registers      ; 65                                          ;
; Total registers                    ; 65                                          ;
; Total pins                         ; 81                                          ;
; Total virtual pins                 ; 0                                           ;
; Total memory bits                  ; 0                                           ;
; Embedded Multiplier 9-bit elements ; 0                                           ;
; Total PLLs                         ; 0                                           ;
; UFM blocks                         ; 0                                           ;
; ADC blocks                         ; 0                                           ;
+------------------------------------+---------------------------------------------+


+------------------------------------------------------------------------------------------------------------+
; Analysis & Synthesis Settings                                                                              ;
+------------------------------------------------------------------+--------------------+--------------------+
; Option                                                           ; Setting            ; Default Value      ;
+------------------------------------------------------------------+--------------------+--------------------+
; Device                                                           ; 10M50DAF484C6GES   ;                    ;
; Top-level entity name                                            ; VendingMachine     ; VendingMachine     ;
; Family name                                                      ; MAX 10             ; Cyclone V          ;
; Use smart compilation                                            ; Off                ; Off                ;
; Enable parallel Assembler and Timing Analyzer during compilation ; On                 ; On                 ;
; Enable compact report table                                      ; Off                ; Off                ;
; Restructure Multiplexers                                         ; Auto               ; Auto               ;
; Create Debugging Nodes for IP Cores                              ; Off                ; Off                ;
; Preserve fewer node names                                        ; On                 ; On                 ;
; Intel FPGA IP Evaluation Mode                                    ; Enable             ; Enable             ;
; Verilog Version                                                  ; Verilog_2001       ; Verilog_2001       ;
; VHDL Version                                                     ; VHDL_1993          ; VHDL_1993          ;
; State Machine Processing                                         ; Auto               ; Auto               ;
; Safe State Machine                                               ; Off                ; Off                ;
; Extract Verilog State Machines                                   ; On                 ; On                 ;
; Extract VHDL State Machines                                      ; On                 ; On                 ;
; Ignore Verilog initial constructs                                ; Off                ; Off                ;
; Iteration limit for constant Verilog loops                       ; 5000               ; 5000               ;
; Iteration limit for non-constant Verilog loops                   ; 250                ; 250                ;
; Add Pass-Through Logic to Inferred RAMs                          ; On                 ; On                 ;
; Infer RAMs from Raw Logic                                        ; On                 ; On                 ;
; Parallel Synthesis                                               ; On                 ; On                 ;
; DSP Block Balancing                                              ; Auto               ; Auto               ;
; NOT Gate Push-Back                                               ; On                 ; On                 ;
; Power-Up Don't Care                                              ; On                 ; On                 ;
; Remove Redundant Logic Cells                                     ; Off                ; Off                ;
; Remove Duplicate Registers                                       ; On                 ; On                 ;
; Ignore CARRY Buffers                                             ; Off                ; Off                ;
; Ignore CASCADE Buffers                                           ; Off                ; Off                ;
; Ignore GLOBAL Buffers                                            ; Off                ; Off                ;
; Ignore ROW GLOBAL Buffers                                        ; Off                ; Off                ;
; Ignore LCELL Buffers                                             ; Off                ; Off                ;
; Ignore SOFT Buffers                                              ; On                 ; On                 ;
; Limit AHDL Integers to 32 Bits                                   ; Off                ; Off                ;
; Optimization Technique                                           ; Balanced           ; Balanced           ;
; Carry Chain Length                                               ; 70                 ; 70                 ;
; Auto Carry Chains                                                ; On                 ; On                 ;
; Auto Open-Drain Pins                                             ; On                 ; On                 ;
; Perform WYSIWYG Primitive Resynthesis                            ; Off                ; Off                ;
; Auto ROM Replacement                                             ; On                 ; On                 ;
; Auto RAM Replacement                                             ; On                 ; On                 ;
; Auto DSP Block Replacement                                       ; On                 ; On                 ;
; Auto Shift Register Replacement                                  ; Auto               ; Auto               ;
; Allow Shift Register Merging across Hierarchies                  ; Auto               ; Auto               ;
; Auto Clock Enable Replacement                                    ; On                 ; On                 ;
; Strict RAM Replacement                                           ; Off                ; Off                ;
; Allow Synchronous Control Signals                                ; On                 ; On                 ;
; Force Use of Synchronous Clear Signals                           ; Off                ; Off                ;
; Auto RAM Block Balancing                                         ; On                 ; On                 ;
; Auto RAM to Logic Cell Conversion                                ; Off                ; Off                ;
; Auto Resource Sharing                                            ; Off                ; Off                ;
; Allow Any RAM Size For Recognition                               ; Off                ; Off                ;
; Allow Any ROM Size For Recognition                               ; Off                ; Off                ;
; Allow Any Shift Register Size For Recognition                    ; Off                ; Off                ;
; Use LogicLock Constraints during Resource Balancing              ; On                 ; On                 ;
; Ignore translate_off and synthesis_off directives                ; Off                ; Off                ;
; Timing-Driven Synthesis                                          ; On                 ; On                 ;
; Report Parameter Settings                                        ; On                 ; On                 ;
; Report Source Assignments                                        ; On                 ; On                 ;
; Report Connectivity Checks                                       ; On                 ; On                 ;
; Ignore Maximum Fan-Out Assignments                               ; Off                ; Off                ;
; Synchronization Register Chain Length                            ; 2                  ; 2                  ;
; Power Optimization During Synthesis                              ; Normal compilation ; Normal compilation ;
; HDL message level                                                ; Level2             ; Level2             ;
; Suppress Register Optimization Related Messages                  ; Off                ; Off                ;
; Number of Removed Registers Reported in Synthesis Report         ; 5000               ; 5000               ;
; Number of Swept Nodes Reported in Synthesis Report               ; 5000               ; 5000               ;
; Number of Inverted Registers Reported in Synthesis Report        ; 100                ; 100                ;
; Clock MUX Protection                                             ; On                 ; On                 ;
; Auto Gated Clock Conversion                                      ; Off                ; Off                ;
; Block Design Naming                                              ; Auto               ; Auto               ;
; SDC constraint protection                                        ; Off                ; Off                ;
; Synthesis Effort                                                 ; Auto               ; Auto               ;
; Shift Register Replacement - Allow Asynchronous Clear Signal     ; On                 ; On                 ;
; Pre-Mapping Resynthesis Optimization                             ; Off                ; Off                ;
; Analysis & Synthesis Message Level                               ; Medium             ; Medium             ;
; Disable Register Merging Across Hierarchies                      ; Auto               ; Auto               ;
; Resource Aware Inference For Block RAM                           ; On                 ; On                 ;
+------------------------------------------------------------------+--------------------+--------------------+


+------------------------------------------+
; Parallel Compilation                     ;
+----------------------------+-------------+
; Processors                 ; Number      ;
+----------------------------+-------------+
; Number detected on machine ; 4           ;
; Maximum allowed            ; 4           ;
;                            ;             ;
; Average used               ; 1.00        ;
; Maximum used               ; 4           ;
;                            ;             ;
; Usage by Processor         ; % Time Used ;
;     Processor 1            ; 100.0%      ;
;     Processor 2            ;   0.0%      ;
;     Processors 3-4         ;   0.0%      ;
+----------------------------+-------------+


+--------------------------------------------------------------------------------------------------------------------------------------------------+
; Analysis & Synthesis Source Files Read                                                                                                           ;
+----------------------------------+-----------------+-----------------+-----------------------------------------------------------------+---------+
; File Name with User-Entered Path ; Used in Netlist ; File Type       ; File Name with Absolute Path                                    ; Library ;
+----------------------------------+-----------------+-----------------+-----------------------------------------------------------------+---------+
; VendingMachine.vhd               ; yes             ; User VHDL File  ; Z:/Documents/Quartus Projects/VendingMachine/VendingMachine.vhd ;         ;
+----------------------------------+-----------------+-----------------+-----------------------------------------------------------------+---------+


+-------------------------------------------------------------------+
; Analysis & Synthesis Resource Usage Summary                       ;
+---------------------------------------------+---------------------+
; Resource                                    ; Usage               ;
+---------------------------------------------+---------------------+
; Estimated Total logic elements              ; 228                 ;
;                                             ;                     ;
; Total combinational functions               ; 228                 ;
; Logic element usage by number of LUT inputs ;                     ;
;     -- 4 input functions                    ; 103                 ;
;     -- 3 input functions                    ; 51                  ;
;     -- <=2 input functions                  ; 74                  ;
;                                             ;                     ;
; Logic elements by mode                      ;                     ;
;     -- normal mode                          ; 144                 ;
;     -- arithmetic mode                      ; 84                  ;
;                                             ;                     ;
; Total registers                             ; 65                  ;
;     -- Dedicated logic registers            ; 65                  ;
;     -- I/O registers                        ; 0                   ;
;                                             ;                     ;
; I/O pins                                    ; 81                  ;
;                                             ;                     ;
; Embedded Multiplier 9-bit elements          ; 0                   ;
;                                             ;                     ;
; Maximum fan-out node                        ; change_switch~input ;
; Maximum fan-out                             ; 74                  ;
; Total fan-out                               ; 1057                ;
; Average fan-out                             ; 2.32                ;
+---------------------------------------------+---------------------+


+---------------------------------------------------------------------------------------------------------------------------------------------------------------------------------------------------------------------------------------+
; Analysis & Synthesis Resource Utilization by Entity                                                                                                                                                                                   ;
+----------------------------+---------------------+---------------------------+-------------+------------+--------------+---------+-----------+------+--------------+------------+---------------------+----------------+--------------+
; Compilation Hierarchy Node ; Combinational ALUTs ; Dedicated Logic Registers ; Memory Bits ; UFM Blocks ; DSP Elements ; DSP 9x9 ; DSP 18x18 ; Pins ; Virtual Pins ; ADC blocks ; Full Hierarchy Name ; Entity Name    ; Library Name ;
+----------------------------+---------------------+---------------------------+-------------+------------+--------------+---------+-----------+------+--------------+------------+---------------------+----------------+--------------+
; |VendingMachine            ; 228 (228)           ; 65 (65)                   ; 0           ; 0          ; 0            ; 0       ; 0         ; 81   ; 0            ; 0          ; |VendingMachine     ; VendingMachine ; work         ;
+----------------------------+---------------------+---------------------------+-------------+------------+--------------+---------+-----------+------+--------------+------------+---------------------+----------------+--------------+
Note: For table entries with two numbers listed, the numbers in parentheses indicate the number of resources of the given type used by the specific entity alone. The numbers listed outside of parentheses indicate the total resources of the given type used by the specific entity and all of its sub-entities in the hierarchy.


+----------------------------------------------------------------------------------------------------+
; User-Specified and Inferred Latches                                                                ;
+-----------------------------------------------------+---------------------+------------------------+
; Latch Name                                          ; Latch Enable Signal ; Free of Timing Hazards ;
+-----------------------------------------------------+---------------------+------------------------+
; READY$latch                                         ; READY               ; yes                    ;
; NOT_READY$latch                                     ; READY               ; yes                    ;
; CHANGE[0]$latch                                     ; READY               ; yes                    ;
; CHANGE[1]$latch                                     ; READY               ; yes                    ;
; CHANGE[2]$latch                                     ; READY               ; yes                    ;
; CHANGE[3]$latch                                     ; READY               ; yes                    ;
; CHANGE[4]$latch                                     ; READY               ; yes                    ;
; CHANGE[5]$latch                                     ; READY               ; yes                    ;
; CHANGE[6]$latch                                     ; READY               ; yes                    ;
; CHANGE[7]$latch                                     ; READY               ; yes                    ;
; Number of user-specified and inferred latches = 10  ;                     ;                        ;
+-----------------------------------------------------+---------------------+------------------------+
Note: All latches listed above may not be present at the end of synthesis due to various synthesis optimizations.


+--------------------------------------------------------------------------------+
; Registers Removed During Synthesis                                             ;
+---------------------------------------+----------------------------------------+
; Register name                         ; Reason for Removal                     ;
+---------------------------------------+----------------------------------------+
; TOTAL_OUT2[0]                         ; Stuck at GND due to stuck port data_in ;
; Total Number of Removed Registers = 1 ;                                        ;
+---------------------------------------+----------------------------------------+


+------------------------------------------------------+
; General Register Statistics                          ;
+----------------------------------------------+-------+
; Statistic                                    ; Value ;
+----------------------------------------------+-------+
; Total registers                              ; 65    ;
; Number of registers using Synchronous Clear  ; 0     ;
; Number of registers using Synchronous Load   ; 15    ;
; Number of registers using Asynchronous Clear ; 65    ;
; Number of registers using Asynchronous Load  ; 0     ;
; Number of registers using Clock Enable       ; 0     ;
; Number of registers using Preset             ; 0     ;
+----------------------------------------------+-------+


+---------------------------------------------------------------------------------------------------------------------------------------------+
; Multiplexer Restructuring Statistics (Restructuring Performed)                                                                              ;
+--------------------+-----------+---------------+----------------------+------------------------+------------+-------------------------------+
; Multiplexer Inputs ; Bus Width ; Baseline Area ; Area if Restructured ; Saving if Restructured ; Registered ; Example Multiplexer Output    ;
+--------------------+-----------+---------------+----------------------+------------------------+------------+-------------------------------+
; 3:1                ; 8 bits    ; 16 LEs        ; 8 LEs                ; 8 LEs                  ; Yes        ; |VendingMachine|TOTAL_OUT[0]  ;
; 3:1                ; 7 bits    ; 14 LEs        ; 7 LEs                ; 7 LEs                  ; Yes        ; |VendingMachine|TOTAL_OUT2[7] ;
+--------------------+-----------+---------------+----------------------+------------------------+------------+-------------------------------+


+-----------------------------------------------------+
; Post-Synthesis Netlist Statistics for Top Partition ;
+-----------------------+-----------------------------+
; Type                  ; Count                       ;
+-----------------------+-----------------------------+
; boundary_port         ; 81                          ;
; cycloneiii_ff         ; 65                          ;
;     CLR               ; 50                          ;
;     CLR SLD           ; 15                          ;
; cycloneiii_lcell_comb ; 231                         ;
;     arith             ; 84                          ;
;         2 data inputs ; 57                          ;
;         3 data inputs ; 27                          ;
;     normal            ; 147                         ;
;         0 data inputs ; 2                           ;
;         1 data inputs ; 9                           ;
;         2 data inputs ; 9                           ;
;         3 data inputs ; 24                          ;
;         4 data inputs ; 103                         ;
;                       ;                             ;
; Max LUT depth         ; 6.50                        ;
; Average LUT depth     ; 3.55                        ;
+-----------------------+-----------------------------+


+-------------------------------+
; Elapsed Time Per Partition    ;
+----------------+--------------+
; Partition Name ; Elapsed Time ;
+----------------+--------------+
; Top            ; 00:00:01     ;
+----------------+--------------+


+-------------------------------+
; Analysis & Synthesis Messages ;
+-------------------------------+
Info: *******************************************************************
Info: Running Quartus Prime Analysis & Synthesis
    Info: Version 18.0.0 Build 614 04/24/2018 SJ Lite Edition
    Info: Processing started: Mon Nov 05 17:00:38 2018
Info: Command: quartus_map --read_settings_files=on --write_settings_files=off VendingMachine -c VendingMachine
Warning (18236): Number of processors has not been specified which may cause overloading on shared machines.  Set the global assignment NUM_PARALLEL_PROCESSORS in your QSF to an appropriate value for best performance.
Info (20030): Parallel compilation is enabled and will use 4 of the 4 processors detected
Info (12021): Found 1 design units, including 1 entities, in source file de10_lite_golden_top.v
    Info (12023): Found entity 1: DE10_LITE_Golden_Top File: Z:/Documents/Quartus Projects/VendingMachine/DE10_LITE_Golden_Top.v Line: 29
Info (12021): Found 2 design units, including 1 entities, in source file vendingmachine.vhd
    Info (12022): Found design unit 1: VendingMachine-OUTPUT File: Z:/Documents/Quartus Projects/VendingMachine/VendingMachine.vhd Line: 19
    Info (12023): Found entity 1: VendingMachine File: Z:/Documents/Quartus Projects/VendingMachine/VendingMachine.vhd Line: 4
Info (12127): Elaborating entity "VendingMachine" for the top level hierarchy
Warning (10540): VHDL Signal Declaration warning at VendingMachine.vhd(12): used explicit default value for signal "TURN_OFF_LEDS" because signal was never assigned a value File: Z:/Documents/Quartus Projects/VendingMachine/VendingMachine.vhd Line: 12
Warning (10492): VHDL Process Statement warning at VendingMachine.vhd(31): signal "change_switch" is read inside the Process Statement but isn't in the Process Statement's sensitivity list File: Z:/Documents/Quartus Projects/VendingMachine/VendingMachine.vhd Line: 31
Warning (10492): VHDL Process Statement warning at VendingMachine.vhd(34): signal "change_switch" is read inside the Process Statement but isn't in the Process Statement's sensitivity list File: Z:/Documents/Quartus Projects/VendingMachine/VendingMachine.vhd Line: 34
Warning (10492): VHDL Process Statement warning at VendingMachine.vhd(49): signal "change_switch" is read inside the Process Statement but isn't in the Process Statement's sensitivity list File: Z:/Documents/Quartus Projects/VendingMachine/VendingMachine.vhd Line: 49
Warning (10492): VHDL Process Statement warning at VendingMachine.vhd(52): signal "change_switch" is read inside the Process Statement but isn't in the Process Statement's sensitivity list File: Z:/Documents/Quartus Projects/VendingMachine/VendingMachine.vhd Line: 52
Warning (10492): VHDL Process Statement warning at VendingMachine.vhd(70): signal "change_switch" is read inside the Process Statement but isn't in the Process Statement's sensitivity list File: Z:/Documents/Quartus Projects/VendingMachine/VendingMachine.vhd Line: 70
Warning (10631): VHDL Process Statement warning at VendingMachine.vhd(68): inferring latch(es) for signal or variable "CHANGE", which holds its previous value in one or more paths through the process File: Z:/Documents/Quartus Projects/VendingMachine/VendingMachine.vhd Line: 68
Warning (10631): VHDL Process Statement warning at VendingMachine.vhd(68): inferring latch(es) for signal or variable "READY", which holds its previous value in one or more paths through the process File: Z:/Documents/Quartus Projects/VendingMachine/VendingMachine.vhd Line: 68
Warning (10631): VHDL Process Statement warning at VendingMachine.vhd(68): inferring latch(es) for signal or variable "NOT_READY", which holds its previous value in one or more paths through the process File: Z:/Documents/Quartus Projects/VendingMachine/VendingMachine.vhd Line: 68
Info (10041): Inferred latch for "NOT_READY" at VendingMachine.vhd(68) File: Z:/Documents/Quartus Projects/VendingMachine/VendingMachine.vhd Line: 68
Info (10041): Inferred latch for "READY" at VendingMachine.vhd(68) File: Z:/Documents/Quartus Projects/VendingMachine/VendingMachine.vhd Line: 68
Info (10041): Inferred latch for "CHANGE[0]" at VendingMachine.vhd(68) File: Z:/Documents/Quartus Projects/VendingMachine/VendingMachine.vhd Line: 68
Info (10041): Inferred latch for "CHANGE[1]" at VendingMachine.vhd(68) File: Z:/Documents/Quartus Projects/VendingMachine/VendingMachine.vhd Line: 68
Info (10041): Inferred latch for "CHANGE[2]" at VendingMachine.vhd(68) File: Z:/Documents/Quartus Projects/VendingMachine/VendingMachine.vhd Line: 68
Info (10041): Inferred latch for "CHANGE[3]" at VendingMachine.vhd(68) File: Z:/Documents/Quartus Projects/VendingMachine/VendingMachine.vhd Line: 68
Info (10041): Inferred latch for "CHANGE[4]" at VendingMachine.vhd(68) File: Z:/Documents/Quartus Projects/VendingMachine/VendingMachine.vhd Line: 68
Info (10041): Inferred latch for "CHANGE[5]" at VendingMachine.vhd(68) File: Z:/Documents/Quartus Projects/VendingMachine/VendingMachine.vhd Line: 68
Info (10041): Inferred latch for "CHANGE[6]" at VendingMachine.vhd(68) File: Z:/Documents/Quartus Projects/VendingMachine/VendingMachine.vhd Line: 68
Info (10041): Inferred latch for "CHANGE[7]" at VendingMachine.vhd(68) File: Z:/Documents/Quartus Projects/VendingMachine/VendingMachine.vhd Line: 68
Warning (13012): Latch READY$latch has unsafe behavior File: Z:/Documents/Quartus Projects/VendingMachine/VendingMachine.vhd Line: 68
    Warning (13013): Ports D and ENA on the latch are fed by the same signal Add4~synth File: c:/intelfpga_lite/18.0/quartus/libraries/vhdl/synopsys/ieee/syn_arit.vhd Line: 836
Warning (13012): Latch NOT_READY$latch has unsafe behavior File: Z:/Documents/Quartus Projects/VendingMachine/VendingMachine.vhd Line: 68
    Warning (13013): Ports D and ENA on the latch are fed by the same signal Add4~synth File: c:/intelfpga_lite/18.0/quartus/libraries/vhdl/synopsys/ieee/syn_arit.vhd Line: 836
Warning (13012): Latch CHANGE[0]$latch has unsafe behavior File: Z:/Documents/Quartus Projects/VendingMachine/VendingMachine.vhd Line: 68
    Warning (13013): Ports D and ENA on the latch are fed by the same signal LessThan5~synth File: c:/intelfpga_lite/18.0/quartus/libraries/vhdl/synopsys/ieee/syn_arit.vhd Line: 1473
Warning (13012): Latch CHANGE[1]$latch has unsafe behavior File: Z:/Documents/Quartus Projects/VendingMachine/VendingMachine.vhd Line: 68
    Warning (13013): Ports D and ENA on the latch are fed by the same signal LessThan5~synth File: c:/intelfpga_lite/18.0/quartus/libraries/vhdl/synopsys/ieee/syn_arit.vhd Line: 1473
Warning (13012): Latch CHANGE[2]$latch has unsafe behavior File: Z:/Documents/Quartus Projects/VendingMachine/VendingMachine.vhd Line: 68
    Warning (13013): Ports D and ENA on the latch are fed by the same signal LessThan5~synth File: c:/intelfpga_lite/18.0/quartus/libraries/vhdl/synopsys/ieee/syn_arit.vhd Line: 1473
Warning (13012): Latch CHANGE[3]$latch has unsafe behavior File: Z:/Documents/Quartus Projects/VendingMachine/VendingMachine.vhd Line: 68
    Warning (13013): Ports D and ENA on the latch are fed by the same signal LessThan5~synth File: c:/intelfpga_lite/18.0/quartus/libraries/vhdl/synopsys/ieee/syn_arit.vhd Line: 1473
Warning (13012): Latch CHANGE[4]$latch has unsafe behavior File: Z:/Documents/Quartus Projects/VendingMachine/VendingMachine.vhd Line: 68
    Warning (13013): Ports D and ENA on the latch are fed by the same signal LessThan5~synth File: c:/intelfpga_lite/18.0/quartus/libraries/vhdl/synopsys/ieee/syn_arit.vhd Line: 1473
Warning (13012): Latch CHANGE[5]$latch has unsafe behavior File: Z:/Documents/Quartus Projects/VendingMachine/VendingMachine.vhd Line: 68
    Warning (13013): Ports D and ENA on the latch are fed by the same signal LessThan5~synth File: c:/intelfpga_lite/18.0/quartus/libraries/vhdl/synopsys/ieee/syn_arit.vhd Line: 1473
Warning (13012): Latch CHANGE[6]$latch has unsafe behavior File: Z:/Documents/Quartus Projects/VendingMachine/VendingMachine.vhd Line: 68
    Warning (13013): Ports D and ENA on the latch are fed by the same signal LessThan5~synth File: c:/intelfpga_lite/18.0/quartus/libraries/vhdl/synopsys/ieee/syn_arit.vhd Line: 1473
Warning (13012): Latch CHANGE[7]$latch has unsafe behavior File: Z:/Documents/Quartus Projects/VendingMachine/VendingMachine.vhd Line: 68
    Warning (13013): Ports D and ENA on the latch are fed by the same signal LessThan5~synth File: c:/intelfpga_lite/18.0/quartus/libraries/vhdl/synopsys/ieee/syn_arit.vhd Line: 1473
Warning (13024): Output pins are stuck at VCC or GND
    Warning (13410): Pin "TURN_OFF_LEDS[0]" is stuck at GND File: Z:/Documents/Quartus Projects/VendingMachine/VendingMachine.vhd Line: 12
    Warning (13410): Pin "TURN_OFF_LEDS[1]" is stuck at GND File: Z:/Documents/Quartus Projects/VendingMachine/VendingMachine.vhd Line: 12
    Warning (13410): Pin "TURN_OFF_LEDS[2]" is stuck at GND File: Z:/Documents/Quartus Projects/VendingMachine/VendingMachine.vhd Line: 12
    Warning (13410): Pin "TURN_OFF_LEDS[3]" is stuck at GND File: Z:/Documents/Quartus Projects/VendingMachine/VendingMachine.vhd Line: 12
    Warning (13410): Pin "TURN_OFF_LEDS[4]" is stuck at GND File: Z:/Documents/Quartus Projects/VendingMachine/VendingMachine.vhd Line: 12
    Warning (13410): Pin "TURN_OFF_LEDS[5]" is stuck at GND File: Z:/Documents/Quartus Projects/VendingMachine/VendingMachine.vhd Line: 12
    Warning (13410): Pin "TURN_OFF_LEDS[6]" is stuck at GND File: Z:/Documents/Quartus Projects/VendingMachine/VendingMachine.vhd Line: 12
    Warning (13410): Pin "TURN_OFF_LEDS[7]" is stuck at GND File: Z:/Documents/Quartus Projects/VendingMachine/VendingMachine.vhd Line: 12
    Warning (13410): Pin "DISPLAY_DEPOSIT[0]" is stuck at GND File: Z:/Documents/Quartus Projects/VendingMachine/VendingMachine.vhd Line: 15
    Warning (13410): Pin "DISPLAY_DEPOSIT[2]" is stuck at GND File: Z:/Documents/Quartus Projects/VendingMachine/VendingMachine.vhd Line: 15
    Warning (13410): Pin "DISPLAY_DEPOSIT[3]" is stuck at GND File: Z:/Documents/Quartus Projects/VendingMachine/VendingMachine.vhd Line: 15
    Warning (13410): Pin "DISPLAY_DEPOSIT[5]" is stuck at GND File: Z:/Documents/Quartus Projects/VendingMachine/VendingMachine.vhd Line: 15
    Warning (13410): Pin "DISPLAY_DEPOSIT[7]" is stuck at VCC File: Z:/Documents/Quartus Projects/VendingMachine/VendingMachine.vhd Line: 15
    Warning (13410): Pin "DISPLAY_DEPOSIT[15]" is stuck at VCC File: Z:/Documents/Quartus Projects/VendingMachine/VendingMachine.vhd Line: 15
    Warning (13410): Pin "DISPLAY_CHANGE[7]" is stuck at VCC File: Z:/Documents/Quartus Projects/VendingMachine/VendingMachine.vhd Line: 16
    Warning (13410): Pin "DISPLAY_CHANGE[15]" is stuck at VCC File: Z:/Documents/Quartus Projects/VendingMachine/VendingMachine.vhd Line: 16
    Warning (13410): Pin "DISPLAY_COST[0]" is stuck at GND File: Z:/Documents/Quartus Projects/VendingMachine/VendingMachine.vhd Line: 17
    Warning (13410): Pin "DISPLAY_COST[2]" is stuck at GND File: Z:/Documents/Quartus Projects/VendingMachine/VendingMachine.vhd Line: 17
    Warning (13410): Pin "DISPLAY_COST[3]" is stuck at GND File: Z:/Documents/Quartus Projects/VendingMachine/VendingMachine.vhd Line: 17
    Warning (13410): Pin "DISPLAY_COST[5]" is stuck at GND File: Z:/Documents/Quartus Projects/VendingMachine/VendingMachine.vhd Line: 17
    Warning (13410): Pin "DISPLAY_COST[7]" is stuck at VCC File: Z:/Documents/Quartus Projects/VendingMachine/VendingMachine.vhd Line: 17
    Warning (13410): Pin "DISPLAY_COST[15]" is stuck at VCC File: Z:/Documents/Quartus Projects/VendingMachine/VendingMachine.vhd Line: 17
Info (286030): Timing-Driven Synthesis is running
Info (16010): Generating hard_block partition "hard_block:auto_generated_inst"
    Info (16011): Adding 0 node(s), including 0 DDIO, 0 PLL, 0 transceiver and 0 LCELL
Info (21057): Implemented 309 device resources after synthesis - the final resource count might be different
    Info (21058): Implemented 7 input pins
    Info (21059): Implemented 74 output pins
    Info (21061): Implemented 228 logic cells
Info: Quartus Prime Analysis & Synthesis was successful. 0 errors, 53 warnings
    Info: Peak virtual memory: 4813 megabytes
    Info: Processing ended: Mon Nov 05 17:01:01 2018
    Info: Elapsed time: 00:00:23
    Info: Total CPU time (on all processors): 00:00:35


